app/build/intermediates/manifest_merge_blame_file/debug/manifest-merger-blame-debug-report.txt
1<?xml version="1.0" encoding="utf-8"?>
2<manifest xmlns:android="http://schemas.android.com/apk/res/android"
3    package="com.example.shopapp"
4    android:versionCode="1"
5    android:versionName="1.0" >
6
7    <uses-sdk
8        android:minSdkVersion="21"
8-->src/main/AndroidManifest.xml
9        android:targetSdkVersion="33" />
9-->src/main/AndroidManifest.xml
10
11    <permission
11-->[androidx.core:core:1.9.0] AndroidManifest.xml:22:5-24:47
12        android:name="com.example.shopapp.DYNAMIC_RECEIVER_NOT_EXPORTED_PERMISSION"
12-->[androidx.core:core:1.9.0] AndroidManifest.xml:23:9-81
13        android:protectionLevel="signature" />
13-->[androidx.core:core:1.9.0] AndroidManifest.xml:24:9-44
14
15    <uses-permission android:name="com.example.shopapp.DYNAMIC_RECEIVER_NOT_EXPORTED_PERMISSION" />
15-->[androidx.core:core:1.9.0] AndroidManifest.xml:26:5-97
15-->[androidx.core:core:1.9.0] AndroidManifest.xml:26:22-94
16
17    <application
17-->src/main/AndroidManifest.xml:5:5-61:19
18        android:allowBackup="true"
18-->src/main/AndroidManifest.xml:6:9-35
19        android:appComponentFactory="androidx.core.app.CoreComponentFactory"
19-->[androidx.core:core:1.9.0] AndroidManifest.xml:28:18-86
20        android:dataExtractionRules="@xml/data_extraction_rules"
20-->src/main/AndroidManifest.xml:7:9-65
21        android:debuggable="true"
22        android:fullBackupContent="@xml/backup_rules"
22-->src/main/AndroidManifest.xml:8:9-54
23        android:icon="@mipmap/ic_launcher"
23-->src/main/AndroidManifest.xml:9:9-43
24        android:label="@string/app_name"
24-->src/main/AndroidManifest.xml:10:9-41
25        android:roundIcon="@mipmap/ic_launcher_round"
25-->src/main/AndroidManifest.xml:11:9-54
26        android:supportsRtl="true"
26-->src/main/AndroidManifest.xml:12:9-35
27        android:testOnly="true"
28        android:theme="@style/Theme.ShopApp" >
28-->src/main/AndroidManifest.xml:13:9-45
29        <activity
29-->src/main/AndroidManifest.xml:15:9-24:20
30            android:name="com.example.shopapp.ProductDescription"
30-->src/main/AndroidManifest.xml:16:13-47
31            android:exported="true"
31-->src/main/AndroidManifest.xml:17:13-36
32            android:theme="@style/Theme.AppCompat.DayNight.NoActionBar" >
32-->src/main/AndroidManifest.xml:18:13-72
33            <meta-data
33-->src/main/AndroidManifest.xml:21:13-23:36
34                android:name="android.app.lib_name"
34-->src/main/AndroidManifest.xml:22:17-52
35                android:value="" />
35-->src/main/AndroidManifest.xml:23:17-33
36        </activity>
37        <activity
37-->src/main/AndroidManifest.xml:25:9-33:20
38            android:name="com.example.shopapp.CategoryInnerProduct"
38-->src/main/AndroidManifest.xml:26:13-49
39            android:exported="true"
39-->src/main/AndroidManifest.xml:27:13-36
40            android:theme="@style/Theme.AppCompat.DayNight.NoActionBar" >
40-->src/main/AndroidManifest.xml:28:13-72
41            <meta-data
41-->src/main/AndroidManifest.xml:21:13-23:36
42                android:name="android.app.lib_name"
42-->src/main/AndroidManifest.xml:22:17-52
43                android:value="" />
43-->src/main/AndroidManifest.xml:23:17-33
44        </activity>
45        <activity
45-->src/main/AndroidManifest.xml:34:9-48:20
46            android:name="com.example.shopapp.Splash"
46-->src/main/AndroidManifest.xml:35:13-35
47            android:exported="true"
47-->src/main/AndroidManifest.xml:36:13-36
48            android:theme="@style/Theme.AppCompat.DayNight.NoActionBar" >
48-->src/main/AndroidManifest.xml:37:13-72
49            <intent-filter>
49-->src/main/AndroidManifest.xml:39:13-43:29
50                <action android:name="android.intent.action.MAIN" />
50-->src/main/AndroidManifest.xml:40:17-69
50-->src/main/AndroidManifest.xml:40:25-66
51
52                <category android:name="android.intent.category.LAUNCHER" />
52-->src/main/AndroidManifest.xml:42:17-77
52-->src/main/AndroidManifest.xml:42:27-74
53            </intent-filter>
54
55            <meta-data
55-->src/main/AndroidManifest.xml:21:13-23:36
56                android:name="android.app.lib_name"
56-->src/main/AndroidManifest.xml:22:17-52
57                android:value="" />
57-->src/main/AndroidManifest.xml:23:17-33
58        </activity>
59        <activity
59-->src/main/AndroidManifest.xml:49:9-56:20
60            android:name="com.example.shopapp.MainActivity"
60-->src/main/AndroidManifest.xml:50:13-41
61            android:exported="true"
61-->src/main/AndroidManifest.xml:51:13-36
62            android:theme="@style/Theme.AppCompat.DayNight.NoActionBar" >
62-->src/main/AndroidManifest.xml:52:13-72
63            <meta-data
63-->src/main/AndroidManifest.xml:21:13-23:36
64                android:name="android.app.lib_name"
64-->src/main/AndroidManifest.xml:22:17-52
65                android:value="" />
65-->src/main/AndroidManifest.xml:23:17-33
66        </activity>
67
68        <meta-data
68-->src/main/AndroidManifest.xml:58:9-60:57
69            android:name="preloaded_fonts"
69-->src/main/AndroidManifest.xml:59:13-43
70            android:resource="@array/preloaded_fonts" />
70-->src/main/AndroidManifest.xml:60:13-54
71
72        <provider
72-->[androidx.emoji2:emoji2:1.2.0] AndroidManifest.xml:24:9-32:20
73            android:name="androidx.startup.InitializationProvider"
73-->[androidx.emoji2:emoji2:1.2.0] AndroidManifest.xml:25:13-67
74            android:authorities="com.example.shopapp.androidx-startup"
74-->[androidx.emoji2:emoji2:1.2.0] AndroidManifest.xml:26:13-68
75            android:exported="false" >
75-->[androidx.emoji2:emoji2:1.2.0] AndroidManifest.xml:27:13-37
76            <meta-data
76-->[androidx.emoji2:emoji2:1.2.0] AndroidManifest.xml:29:13-31:52
77                android:name="androidx.emoji2.text.EmojiCompatInitializer"
77-->[androidx.emoji2:emoji2:1.2.0] AndroidManifest.xml:30:17-75
78                android:value="androidx.startup" />
78-->[androidx.emoji2:emoji2:1.2.0] AndroidManifest.xml:31:17-49
79            <meta-data
79-->[androidx.lifecycle:lifecycle-process:2.4.1] AndroidManifest.xml:31:13-33:52
80                android:name="androidx.lifecycle.ProcessLifecycleInitializer"
80-->[androidx.lifecycle:lifecycle-process:2.4.1] AndroidManifest.xml:32:17-78
81                android:value="androidx.startup" />
81-->[androidx.lifecycle:lifecycle-process:2.4.1] AndroidManifest.xml:33:17-49
82        </provider>
83    </application>
84
85</manifest>